<?xml version="1.0" encoding="UTF-8"?>
<!-- Generated by org.testng.reporters.JUnitXMLReporter -->
<testsuite hostname="Vayuputhra" name="Test" tests="1" failures="0" timestamp="23 Dec 2016 11:11:12 GMT" time="0.131" errors="0">
  <testcase name="@BeforeTest testDeclaration" time="0.0" classname="GridTestNG.GridTest.IntegrationTest.WebShopSignInTest">
    <failure type="org.testng.TestNGException" message="
Method testDeclaration requires 1 parameters but 0 were supplied in the @Configuration annotation.">
      <![CDATA[org.testng.TestNGException: 
Method testDeclaration requires 1 parameters but 0 were supplied in the @Configuration annotation.
... Removed 20 stack frames]]>
    </failure>
  </testcase> <!-- @BeforeTest testDeclaration -->
  <testcase name="@AfterTest afterClass" time="0.0" classname="GridTestNG.GridTest.IntegrationTest.WebShopSignInTest">
    <skipped/>
  </testcase> <!-- @AfterTest afterClass -->
  <testcase name="testSteps" time="0.01" classname="GridTestNG.GridTest.IntegrationTest.WebShopSignInTest">
    <skipped/>
  </testcase> <!-- testSteps -->
</testsuite> <!-- Test -->
